# JRE version: OpenJDK Runtime Environment (8.0_222-b10) (build 1.8.0_222-8u222-b10-1ubuntu1~18.04.1-b10)
# Java VM: OpenJDK 64-Bit Server VM (25.222-b10 mixed mode linux-amd64 compressed oops)
Heap:
 PSYoungGen      total 384512K, used 117110K [0x00000000d7580000, 0x0000000100000000, 0x0000000100000000)
  eden space 222720K, 0% used [0x00000000d7580000,0x00000000d7580000,0x00000000e4f00000)
  from space 161792K, 72% used [0x00000000f5400000,0x00000000fc65d958,0x00000000ff200000)
  to   space 221696K, 0% used [0x00000000e4f00000,0x00000000e4f00000,0x00000000f2780000)
 ParOldGen       total 739328K, used 739303K [0x0000000086000000, 0x00000000b3200000, 0x00000000d7580000)
  object space 739328K, 99% used [0x0000000086000000,0x00000000b31f9d48,0x00000000b3200000)
 Metaspace       used 66098K, capacity 66740K, committed 66944K, reserved 1105920K
  class space    used 9701K, capacity 9840K, committed 9856K, reserved 1048576K
GC Heap History (10 events):
Event: 46,108 GC heap after
Heap after GC invocations=97 (full 7):
 PSYoungGen      total 489984K, used 90661K [0x00000000d7580000, 0x0000000100000000, 0x0000000100000000)
  eden space 309760K, 0% used [0x00000000d7580000,0x00000000d7580000,0x00000000ea400000)
  from space 180224K, 50% used [0x00000000f5000000,0x00000000fa8897b0,0x0000000100000000)
  to   space 176128K, 0% used [0x00000000ea400000,0x00000000ea400000,0x00000000f5000000)
 ParOldGen       total 698880K, used 514144K [0x0000000086000000, 0x00000000b0a80000, 0x00000000d7580000)
  object space 698880K, 73% used [0x0000000086000000,0x00000000a5618028,0x00000000b0a80000)
 Metaspace       used 66041K, capacity 66676K, committed 66944K, reserved 1105920K
  class space    used 9698K, capacity 9840K, committed 9856K, reserved 1048576K
}
Event: 46,337 GC heap before
{Heap before GC invocations=98 (full 7):
 PSYoungGen      total 489984K, used 391800K [0x00000000d7580000, 0x0000000100000000, 0x0000000100000000)
  eden space 309760K, 97% used [0x00000000d7580000,0x00000000e9b94b60,0x00000000ea400000)
  from space 180224K, 50% used [0x00000000f5000000,0x00000000fa8897b0,0x0000000100000000)
  to   space 176128K, 0% used [0x00000000ea400000,0x00000000ea400000,0x00000000f5000000)
 ParOldGen       total 698880K, used 514144K [0x0000000086000000, 0x00000000b0a80000, 0x00000000d7580000)
  object space 698880K, 73% used [0x0000000086000000,0x00000000a5618028,0x00000000b0a80000)
 Metaspace       used 66062K, capacity 66740K, committed 66944K, reserved 1105920K
  class space    used 9698K, capacity 9840K, committed 9856K, reserved 1048576K
Event: 46,364 GC heap after
Heap after GC invocations=98 (full 7):
 PSYoungGen      total 401920K, used 91750K [0x00000000d7580000, 0x00000000ff400000, 0x0000000100000000)
  eden space 309760K, 0% used [0x00000000d7580000,0x00000000d7580000,0x00000000ea400000)
  from space 92160K, 99% used [0x00000000ea400000,0x00000000efd99938,0x00000000efe00000)
  to   space 172032K, 0% used [0x00000000f4c00000,0x00000000f4c00000,0x00000000ff400000)
 ParOldGen       total 698880K, used 548307K [0x0000000086000000, 0x00000000b0a80000, 0x00000000d7580000)
  object space 698880K, 78% used [0x0000000086000000,0x00000000a7774cf8,0x00000000b0a80000)
 Metaspace       used 66062K, capacity 66740K, committed 66944K, reserved 1105920K
  class space    used 9698K, capacity 9840K, committed 9856K, reserved 1048576K
}
Event: 46,625 GC heap before
{Heap before GC invocations=99 (full 7):
 PSYoungGen      total 401920K, used 401440K [0x00000000d7580000, 0x00000000ff400000, 0x0000000100000000)
  eden space 309760K, 99% used [0x00000000d7580000,0x00000000ea3ee840,0x00000000ea400000)
  from space 92160K, 99% used [0x00000000ea400000,0x00000000efd99938,0x00000000efe00000)
  to   space 172032K, 0% used [0x00000000f4c00000,0x00000000f4c00000,0x00000000ff400000)
 ParOldGen       total 698880K, used 548307K [0x0000000086000000, 0x00000000b0a80000, 0x00000000d7580000)
  object space 698880K, 78% used [0x0000000086000000,0x00000000a7774cf8,0x00000000b0a80000)
 Metaspace       used 66069K, capacity 66740K, committed 66944K, reserved 1105920K
  class space    used 9698K, capacity 9840K, committed 9856K, reserved 1048576K
Event: 46,649 GC heap after
Heap after GC invocations=99 (full 7):
 PSYoungGen      total 487936K, used 59027K [0x00000000d7580000, 0x0000000100000000, 0x0000000100000000)
  eden space 315904K, 0% used [0x00000000d7580000,0x00000000d7580000,0x00000000eaa00000)
  from space 172032K, 34% used [0x00000000f4c00000,0x00000000f85a4db8,0x00000000ff400000)
  to   space 165888K, 0% used [0x00000000eaa00000,0x00000000eaa00000,0x00000000f4c00000)
 ParOldGen       total 698880K, used 582480K [0x0000000086000000, 0x00000000b0a80000, 0x00000000d7580000)
  object space 698880K, 83% used [0x0000000086000000,0x00000000a98d4000,0x00000000b0a80000)
 Metaspace       used 66069K, capacity 66740K, committed 66944K, reserved 1105920K
  class space    used 9698K, capacity 9840K, committed 9856K, reserved 1048576K
}
Event: 46,922 GC heap before
{Heap before GC invocations=100 (full 7):
 PSYoungGen      total 487936K, used 371616K [0x00000000d7580000, 0x0000000100000000, 0x0000000100000000)
  eden space 315904K, 98% used [0x00000000d7580000,0x00000000ea6c3530,0x00000000eaa00000)
  from space 172032K, 34% used [0x00000000f4c00000,0x00000000f85a4db8,0x00000000ff400000)
  to   space 165888K, 0% used [0x00000000eaa00000,0x00000000eaa00000,0x00000000f4c00000)
 ParOldGen       total 698880K, used 582480K [0x0000000086000000, 0x00000000b0a80000, 0x00000000d7580000)
  object space 698880K, 83% used [0x0000000086000000,0x00000000a98d4000,0x00000000b0a80000)
 Metaspace       used 66080K, capacity 66740K, committed 66944K, reserved 1105920K
  class space    used 9698K, capacity 9840K, committed 9856K, reserved 1048576K
Event: 46,938 GC heap after
Heap after GC invocations=100 (full 7):
 PSYoungGen      total 481792K, used 44530K [0x00000000d7580000, 0x00000000ff200000, 0x0000000100000000)
  eden space 315904K, 0% used [0x00000000d7580000,0x00000000d7580000,0x00000000eaa00000)
  from space 165888K, 26% used [0x00000000eaa00000,0x00000000ed57ca18,0x00000000f4c00000)
  to   space 161792K, 0% used [0x00000000f5400000,0x00000000f5400000,0x00000000ff200000)
 ParOldGen       total 698880K, used 616648K [0x0000000086000000, 0x00000000b0a80000, 0x00000000d7580000)
  object space 698880K, 88% used [0x0000000086000000,0x00000000aba32240,0x00000000b0a80000)
 Metaspace       used 66080K, capacity 66740K, committed 66944K, reserved 1105920K
  class space    used 9698K, capacity 9840K, committed 9856K, reserved 1048576K
}
Event: 47,163 GC heap before
{Heap before GC invocations=101 (full 7):
 PSYoungGen      total 481792K, used 360434K [0x00000000d7580000, 0x00000000ff200000, 0x0000000100000000)
  eden space 315904K, 100% used [0x00000000d7580000,0x00000000eaa00000,0x00000000eaa00000)
  from space 165888K, 26% used [0x00000000eaa00000,0x00000000ed57ca18,0x00000000f4c00000)
  to   space 161792K, 0% used [0x00000000f5400000,0x00000000f5400000,0x00000000ff200000)
 ParOldGen       total 698880K, used 616648K [0x0000000086000000, 0x00000000b0a80000, 0x00000000d7580000)
  object space 698880K, 88% used [0x0000000086000000,0x00000000aba32240,0x00000000b0a80000)
 Metaspace       used 66098K, capacity 66740K, committed 66944K, reserved 1105920K
  class space    used 9701K, capacity 9840K, committed 9856K, reserved 1048576K
Event: 47,283 GC heap after
Heap after GC invocations=101 (full 7):
 PSYoungGen      total 384512K, used 161771K [0x00000000d7580000, 0x0000000100000000, 0x0000000100000000)
  eden space 222720K, 0% used [0x00000000d7580000,0x00000000d7580000,0x00000000e4f00000)
  from space 161792K, 99% used [0x00000000f5400000,0x00000000ff1fae80,0x00000000ff200000)
  to   space 221696K, 0% used [0x00000000e4f00000,0x00000000e4f00000,0x00000000f2780000)
 ParOldGen       total 739328K, used 739158K [0x0000000086000000, 0x00000000b3200000, 0x00000000d7580000)
  object space 739328K, 99% used [0x0000000086000000,0x00000000b31d5a60,0x00000000b3200000)
 Metaspace       used 66098K, capacity 66740K, committed 66944K, reserved 1105920K
  class space    used 9701K, capacity 9840K, committed 9856K, reserved 1048576K
}
Event: 47,284 GC heap before
{Heap before GC invocations=102 (full 8):
 PSYoungGen      total 384512K, used 161771K [0x00000000d7580000, 0x0000000100000000, 0x0000000100000000)
  eden space 222720K, 0% used [0x00000000d7580000,0x00000000d7580000,0x00000000e4f00000)
  from space 161792K, 99% used [0x00000000f5400000,0x00000000ff1fae80,0x00000000ff200000)
  to   space 221696K, 0% used [0x00000000e4f00000,0x00000000e4f00000,0x00000000f2780000)
 ParOldGen       total 739328K, used 739158K [0x0000000086000000, 0x00000000b3200000, 0x00000000d7580000)
  object space 739328K, 99% used [0x0000000086000000,0x00000000b31d5a60,0x00000000b3200000)
 Metaspace       used 66098K, capacity 66740K, committed 66944K, reserved 1105920K
  class space    used 9701K, capacity 9840K, committed 9856K, reserved 1048576K

